<?xml version="1.0" encoding="UTF-8"?>
<coverage generated="1675379120521" clover="3.2.0">
  <project timestamp="1675379120521" name="All files">
    <metrics statements="8" coveredstatements="8" conditionals="1" coveredconditionals="1" methods="1" coveredmethods="1" elements="10" coveredelements="10" complexity="0" loc="8" ncloc="8" packages="2" files="2" classes="2"/>
    <package name="scraper">
      <metrics statements="5" coveredstatements="5" conditionals="0" coveredconditionals="0" methods="1" coveredmethods="1"/>
      <file name="browser.js" path="/Volumes/BackupMaycon/github-repositories/neounix/fly-easy-eticket-123milhas/src/scraper/browser.js">
        <metrics statements="5" coveredstatements="5" conditionals="0" coveredconditionals="0" methods="1" coveredmethods="1"/>
        <line num="4" count="1" type="stmt"/>
        <line num="6" count="1" type="stmt"/>
        <line num="7" count="1" type="stmt"/>
        <line num="8" count="1" type="stmt"/>
        <line num="25" count="1" type="stmt"/>
      </file>
    </package>
    <package name="utils">
      <metrics statements="3" coveredstatements="3" conditionals="1" coveredconditionals="1" methods="0" coveredmethods="0"/>
      <file name="logger.js" path="/Volumes/BackupMaycon/github-repositories/neounix/fly-easy-eticket-123milhas/src/utils/logger.js">
        <metrics statements="3" coveredstatements="3" conditionals="1" coveredconditionals="1" methods="0" coveredmethods="0"/>
        <line num="3" count="1" type="stmt"/>
        <line num="15" count="1" type="cond" truecount="1" falsecount="0"/>
        <line num="16" count="1" type="stmt"/>
      </file>
    </package>
  </project>
</coverage>
