{"/Volumes/BackupMaycon/github-repositories/neounix/fly-easy-eticket-123milhas/src/scraper/browser.js": {"path":"/Volumes/BackupMaycon/github-repositories/neounix/fly-easy-eticket-123milhas/src/scraper/browser.js","statementMap":{"0":{"start":{"line":4,"column":28},"end":{"line":26,"column":1}},"1":{"start":{"line":6,"column":1},"end":{"line":24,"column":2}},"2":{"start":{"line":7,"column":2},"end":{"line":7,"column":43}},"3":{"start":{"line":8,"column":2},"end":{"line":20,"column":5}},"4":{"start":{"line":25,"column":1},"end":{"line":25,"column":16}}},"fnMap":{"0":{"name":"(anonymous_0)","decl":{"start":{"line":4,"column":28},"end":{"line":4,"column":29}},"loc":{"start":{"line":4,"column":40},"end":{"line":26,"column":1}},"line":4}},"branchMap":{},"s":{"0":1,"1":1,"2":1,"3":1,"4":1},"f":{"0":1},"b":{},"_coverageSchema":"1a1c01bbd47fc00a2c39e90264f33305004495a9","hash":"27556d92f29f52c63a65b942a22df70c4346fc14"}
,"/Volumes/BackupMaycon/github-repositories/neounix/fly-easy-eticket-123milhas/src/utils/logger.js": {"path":"/Volumes/BackupMaycon/github-repositories/neounix/fly-easy-eticket-123milhas/src/utils/logger.js","statementMap":{"0":{"start":{"line":3,"column":15},"end":{"line":13,"column":2}},"1":{"start":{"line":15,"column":0},"end":{"line":21,"column":1}},"2":{"start":{"line":16,"column":1},"end":{"line":20,"column":3}}},"fnMap":{},"branchMap":{"0":{"loc":{"start":{"line":15,"column":0},"end":{"line":21,"column":1}},"type":"if","locations":[{"start":{"line":15,"column":0},"end":{"line":21,"column":1}}],"line":15}},"s":{"0":1,"1":1,"2":1},"f":{},"b":{"0":[1]},"_coverageSchema":"1a1c01bbd47fc00a2c39e90264f33305004495a9","hash":"8287bcee5ab7fac06fa17793ad76f16183c5be19"}
}
