TN:
SF:src/common/index.js
FNF:0
FNH:0
LF:0
LH:0
BRF:0
BRH:0
end_of_record
TN:
SF:src/common/constant/selectors.js
FNF:0
FNH:0
DA:1,1
LF:1
LH:1
BRF:0
BRH:0
end_of_record
TN:
SF:src/common/logging/logger.js
FNF:0
FNH:0
DA:4,1
DA:5,1
LF:2
LH:2
BRF:0
BRH:0
end_of_record
TN:
SF:src/infra/config/browser.js
FN:5,(anonymous_0)
FNF:1
FNH:1
FNDA:2,(anonymous_0)
DA:6,2
DA:7,2
DA:8,2
DA:23,0
LF:4
LH:3
BRF:0
BRH:0
end_of_record
TN:
SF:src/utils/errors/invalid-param-error.js
FN:2,(anonymous_0)
FNF:1
FNH:1
FNDA:5,(anonymous_0)
DA:3,5
DA:4,5
LF:2
LH:2
BRF:0
BRH:0
end_of_record
TN:
SF:src/utils/helpers/scraper-utils.js
FN:7,(anonymous_0)
FN:33,(anonymous_1)
FNF:2
FNH:2
FNDA:2,(anonymous_0)
FNDA:1,(anonymous_1)
DA:8,2
DA:9,2
DA:10,2
DA:12,2
DA:14,2
DA:16,1
DA:17,1
DA:22,1
DA:23,1
DA:25,1
DA:26,1
DA:28,0
DA:29,0
DA:34,1
DA:35,1
DA:36,1
DA:37,1
DA:38,1
DA:39,1
DA:41,0
LF:20
LH:17
BRDA:34,0,0,1
BRDA:34,0,1,0
BRDA:34,1,0,1
BRDA:34,1,1,1
BRF:4
BRH:3
end_of_record
TN:
SF:src/utils/helpers/ticket-validator.js
FN:5,(anonymous_0)
FNF:1
FNH:1
FNDA:7,(anonymous_0)
DA:6,7
DA:7,5
DA:9,2
LF:3
LH:3
BRDA:6,0,0,5
BRDA:6,0,1,2
BRDA:6,1,0,7
BRDA:6,1,1,3
BRF:4
BRH:4
end_of_record
TN:
SF:src/utils/helpers/validator.js
FN:1,(anonymous_0)
FNF:1
FNH:1
FNDA:3,(anonymous_0)
DA:1,3
LF:1
LH:1
BRF:0
BRH:0
end_of_record
